

times in msec
 clock   self+sourced   self:  sourced script
 clock   elapsed:              other lines

000.013  000.013: --- NVIM STARTING ---
000.164  000.151: event init
000.304  000.140: early init
000.385  000.081: locale set
000.428  000.043: init first window
000.736  000.308: inits 1
000.743  000.007: window checked
000.748  000.005: parsing arguments
001.173  000.069  000.069: require('vim.shared')
001.268  000.036  000.036: require('vim._meta')
001.269  000.094  000.058: require('vim._editor')
001.271  000.192  000.030: require('vim._init_packages')
001.272  000.332: init lua interpreter
001.318  000.046: expanding arguments
001.364  000.046: inits 2
001.545  000.181: init highlight
001.545  000.001: waiting for UI
002.821  001.276: done waiting for UI
002.831  000.010: init screen for UI
002.951  000.120: init default mappings
002.968  000.016: init default autocommands
003.378  000.047  000.047: sourcing /home/jyue86/.local/bin/nvim-linux64/share/nvim/runtime/ftplugin.vim
003.412  000.016  000.016: sourcing /home/jyue86/.local/bin/nvim-linux64/share/nvim/runtime/indent.vim
003.966  000.345  000.345: require('lazy')
003.995  000.016  000.016: require('ffi')
004.300  000.300  000.300: require('lazy.core.cache')
004.416  000.097  000.097: require('lazy.stats')
004.558  000.118  000.118: require('lazy.core.util')
004.728  000.168  000.168: require('lazy.core.config')
004.840  000.034  000.034: require('lazy.core.handler')
004.893  000.052  000.052: require('lazy.core.plugin')
004.897  000.167  000.082: require('lazy.core.loader')
005.536  000.059  000.059: require('lazy.core.handler.keys')
005.608  000.068  000.068: require('lazy.core.handler.cmd')
005.651  000.039  000.039: require('lazy.core.handler.event')
005.685  000.032  000.032: require('lazy.core.handler.ft')
005.964  000.173  000.173: sourcing /home/jyue86/.local/bin/nvim-linux64/share/nvim/runtime/filetype.lua
006.110  000.018  000.018: sourcing /home/jyue86/.local/share/nvim/lazy/zen-mode.nvim/plugin/zen-mode.vim
006.561  000.045  000.045: require('zen-mode.util')
006.589  000.138  000.093: require('zen-mode.config')
006.636  000.046  000.046: require('zen-mode.plugins')
006.641  000.261  000.077: require('zen-mode.view')
006.643  000.520  000.260: require('zen-mode')
007.578  000.039  000.039: require('nvim-treesitter.utils')
007.918  000.034  000.034: require('vim.treesitter.language')
007.928  000.094  000.060: require('vim.treesitter.query')
008.015  000.085  000.085: require('vim.treesitter.languagetree')
008.023  000.286  000.106: require('vim.treesitter')
008.175  000.594  000.309: require('nvim-treesitter.parsers')
008.518  000.147  000.147: require('nvim-treesitter.compat')
008.715  000.096  000.096: require('nvim-treesitter.ts_utils')
008.719  000.200  000.104: require('nvim-treesitter.tsrange')
008.784  000.064  000.064: require('nvim-treesitter.caching')
008.790  000.503  000.093: require('nvim-treesitter.query')
008.799  000.578  000.074: require('nvim-treesitter.configs')
008.801  000.624  000.046: require('nvim-treesitter.info')
008.892  000.090  000.090: require('nvim-treesitter.shell_command_selectors')
008.906  001.446  000.099: require('nvim-treesitter.install')
008.959  000.052  000.052: require('nvim-treesitter.statusline')
008.988  000.028  000.028: require('nvim-treesitter.query_predicates')
008.990  001.663  000.136: require('nvim-treesitter')
009.247  001.954  000.291: sourcing /home/jyue86/.local/share/nvim/lazy/nvim-treesitter/plugin/nvim-treesitter.lua
009.263  002.104  000.150: require('nvim-treesitter.ts_utils')
009.290  000.026  000.026: require('nvim-ts-autotag._log')
009.312  000.020  000.020: require('nvim-ts-autotag.utils')
009.317  002.283  000.132: require('nvim-ts-autotag.internal')
009.318  002.585  000.302: require('nvim-ts-autotag')
009.327  002.601  000.016: sourcing /home/jyue86/.local/share/nvim/lazy/nvim-ts-autotag/plugin/nvim-ts-autotag.vim
009.482  000.029  000.029: sourcing /home/jyue86/.local/share/nvim/lazy/nvim-web-devicons/plugin/nvim-web-devicons.vim
009.889  000.041  000.041: require('toggleterm.lazy')
009.930  000.026  000.026: require('toggleterm.constants')
009.981  000.048  000.048: require('toggleterm.terminal')
009.985  000.273  000.157: require('toggleterm')
010.065  000.047  000.047: require('toggleterm.colors')
010.103  000.036  000.036: require('toggleterm.utils')
010.109  000.123  000.040: require('toggleterm.config')
010.191  000.004  000.004: require('vim.F')
010.394  000.063  000.063: require('toggleterm.commandline')
010.761  000.054  000.054: sourcing /home/jyue86/.local/share/nvim/lazy/nvim-dap/plugin/dap.lua
010.957  000.004  000.004: require('vim.keymap')
011.257  000.038  000.038: require('Comment.config')
011.398  000.042  000.042: require('Comment.ft')
011.401  000.142  000.099: require('Comment.utils')
011.438  000.036  000.036: require('Comment.opfunc')
011.475  000.036  000.036: require('Comment.extra')
011.478  000.519  000.267: require('Comment.api')
011.584  000.660  000.136: sourcing /home/jyue86/.local/share/nvim/lazy/Comment.nvim/plugin/Comment.lua
011.647  000.045  000.045: require('Comment')
012.064  000.021  000.021: sourcing /home/jyue86/.local/share/nvim/lazy/plenary.nvim/plugin/plenary.vim
012.393  000.160  000.160: sourcing /home/jyue86/.local/share/nvim/lazy/telescope.nvim/plugin/telescope.lua
013.233  000.082  000.082: require('nvim-autopairs._log')
013.521  000.284  000.284: require('nvim-autopairs.utils')
013.846  000.152  000.152: require('nvim-autopairs.conds')
013.860  000.229  000.077: require('nvim-autopairs.rule')
013.863  000.339  000.110: require('nvim-autopairs.rules.basic')
013.882  001.210  000.506: require('nvim-autopairs')
015.579  000.052  000.052: sourcing /home/jyue86/.local/bin/nvim-linux64/share/nvim/runtime/autoload/provider/pythonx.vim
028.788  000.182  000.182: sourcing /home/jyue86/.local/bin/nvim-linux64/share/nvim/runtime/autoload/remote/host.vim
028.883  013.423  013.189: sourcing /home/jyue86/.local/bin/nvim-linux64/share/nvim/runtime/autoload/provider/python3.vim
029.225  000.122  000.122: sourcing /home/jyue86/.local/share/nvim/lazy/vim-jukit/autoload/jukit/util.vim
035.338  000.095  000.095: sourcing /home/jyue86/.local/share/nvim/lazy/vim-jukit/autoload/jukit.vim
035.486  020.346  006.706: sourcing /home/jyue86/.local/share/nvim/lazy/vim-jukit/plugin/jukit.vim
035.817  000.030  000.030: sourcing /home/jyue86/.local/share/nvim/lazy/nvim-colorizer.lua/plugin/colorizer.vim
036.753  000.367  000.367: require('cmp.utils.api')
036.815  000.029  000.029: require('cmp.types.cmp')
036.926  000.065  000.065: require('cmp.utils.misc')
036.941  000.124  000.060: require('cmp.types.lsp')
036.965  000.023  000.023: require('cmp.types.vim')
036.967  000.211  000.035: require('cmp.types')
036.998  000.031  000.031: require('cmp.utils.highlight')
037.075  000.051  000.051: require('cmp.utils.debug')
037.084  000.085  000.034: require('cmp.utils.autocmd')
037.290  000.972  000.278: sourcing /home/jyue86/.local/share/nvim/lazy/nvim-cmp/plugin/cmp.lua
037.971  000.617  000.617: sourcing /home/jyue86/.local/share/nvim/lazy/vim-fugitive/plugin/fugitive.vim
038.011  000.007  000.007: sourcing /home/jyue86/.local/share/nvim/lazy/vim-fugitive/ftdetect/fugitive.vim
039.580  000.098  000.098: require('vim.lsp.log')
039.865  000.282  000.282: require('vim.lsp.protocol')
040.032  000.057  000.057: require('vim.lsp._snippet')
040.062  000.028  000.028: require('vim.highlight')
040.073  000.206  000.121: require('vim.lsp.util')
040.086  000.678  000.092: require('vim.lsp.handlers')
040.152  000.065  000.065: require('vim.lsp.rpc')
040.183  000.029  000.029: require('vim.lsp.sync')
040.248  000.063  000.063: require('vim.lsp.buf')
040.309  000.060  000.060: require('vim.lsp.diagnostic')
040.402  000.092  000.092: require('vim.lsp.codelens')
040.489  001.326  000.339: require('vim.lsp')
040.520  001.403  000.076: sourcing /home/jyue86/.local/share/nvim/lazy/nvim-lspconfig/plugin/lspconfig.lua
041.880  000.927  000.927: require('vim.filetype')
042.437  000.136  000.136: require('luasnip.util.types')
042.529  000.090  000.090: require('luasnip.util.ext_opts')
042.800  000.118  000.118: require('luasnip.session')
042.819  000.222  000.105: require('luasnip.util.util')
042.821  000.290  000.068: require('luasnip.extras.filetype_functions')
042.881  000.889  000.374: require('luasnip.config')
042.961  000.028  000.028: require('luasnip.session.snippet_collection')
043.208  000.183  000.183: require('luasnip.util._builtin_vars')
043.235  000.024  000.024: require('vim.inspect')
043.281  000.319  000.112: require('luasnip.util.environ')
043.331  000.049  000.049: require('luasnip.util.extend_decorator')
043.410  000.031  000.031: require('luasnip.loaders._caches')
043.452  000.040  000.040: require('luasnip.util.path')
043.460  000.127  000.056: require('luasnip.loaders')
043.509  000.046  000.046: require('luasnip.util.log')
043.519  000.635  000.066: require('luasnip')
043.535  002.637  000.185: sourcing /home/jyue86/.local/share/nvim/lazy/LuaSnip/plugin/luasnip.lua
043.569  000.016  000.016: sourcing /home/jyue86/.local/share/nvim/lazy/LuaSnip/plugin/luasnip.vim
044.148  000.105  000.105: sourcing /home/jyue86/.local/bin/nvim-linux64/share/nvim/runtime/plugin/gzip.vim
044.180  000.006  000.006: sourcing /home/jyue86/.local/bin/nvim-linux64/share/nvim/runtime/plugin/health.vim
044.232  000.039  000.039: sourcing /home/jyue86/.local/bin/nvim-linux64/share/nvim/runtime/plugin/man.lua
044.535  000.118  000.118: sourcing /home/jyue86/.local/bin/nvim-linux64/share/nvim/runtime/pack/dist/opt/matchit/plugin/matchit.vim
044.577  000.328  000.210: sourcing /home/jyue86/.local/bin/nvim-linux64/share/nvim/runtime/plugin/matchit.vim
044.679  000.087  000.087: sourcing /home/jyue86/.local/bin/nvim-linux64/share/nvim/runtime/plugin/matchparen.vim
044.901  000.208  000.208: sourcing /home/jyue86/.local/bin/nvim-linux64/share/nvim/runtime/plugin/netrwPlugin.vim
045.013  000.005  000.005: sourcing /home/jyue86/.local/share/nvim/rplugin.vim
045.018  000.094  000.089: sourcing /home/jyue86/.local/bin/nvim-linux64/share/nvim/runtime/plugin/rplugin.vim
045.074  000.041  000.041: sourcing /home/jyue86/.local/bin/nvim-linux64/share/nvim/runtime/plugin/shada.vim
045.108  000.014  000.014: sourcing /home/jyue86/.local/bin/nvim-linux64/share/nvim/runtime/plugin/spellfile.vim
045.189  000.065  000.065: sourcing /home/jyue86/.local/bin/nvim-linux64/share/nvim/runtime/plugin/tarPlugin.vim
045.258  000.049  000.049: sourcing /home/jyue86/.local/bin/nvim-linux64/share/nvim/runtime/plugin/tohtml.vim
045.284  000.010  000.010: sourcing /home/jyue86/.local/bin/nvim-linux64/share/nvim/runtime/plugin/tutor.vim
045.383  000.085  000.085: sourcing /home/jyue86/.local/bin/nvim-linux64/share/nvim/runtime/plugin/zipPlugin.vim
045.814  000.031  000.031: require('cmp.utils.char')
045.819  000.056  000.025: require('cmp.utils.str')
045.840  000.020  000.020: require('cmp.utils.pattern')
045.897  000.015  000.015: require('cmp.utils.buffer')
045.900  000.042  000.027: require('cmp.utils.keymap')
045.902  000.061  000.019: require('cmp.utils.feedkeys')
045.929  000.025  000.025: require('cmp.utils.async')
046.068  000.016  000.016: require('cmp.utils.cache')
046.071  000.141  000.125: require('cmp.context')
046.137  000.021  000.021: require('cmp.config.mapping')
046.215  000.058  000.058: require('cmp.config.compare')
046.217  000.078  000.021: require('cmp.config.default')
046.224  000.129  000.030: require('cmp.config')
046.304  000.033  000.033: require('cmp.matcher')
046.307  000.082  000.049: require('cmp.entry')
046.312  000.240  000.029: require('cmp.source')
046.364  000.021  000.021: require('cmp.utils.event')
046.437  000.019  000.019: require('cmp.utils.options')
046.440  000.051  000.033: require('cmp.utils.window')
046.442  000.076  000.025: require('cmp.view.docs_view')
046.488  000.046  000.046: require('cmp.view.custom_entries_view')
046.526  000.036  000.036: require('cmp.view.wildmenu_entries_view')
046.564  000.037  000.037: require('cmp.view.native_entries_view')
046.601  000.036  000.036: require('cmp.view.ghost_text_view')
046.607  000.294  000.043: require('cmp.view')
046.709  000.987  000.148: require('cmp.core')
046.803  000.034  000.034: require('cmp.config.sources')
046.840  000.027  000.027: require('cmp.config.window')
046.869  001.279  000.232: require('cmp')
046.935  000.064  000.064: require('cmp_cmdline')
046.946  001.392  000.049: sourcing /home/jyue86/.local/share/nvim/lazy/cmp-cmdline/after/plugin/cmp_cmdline.lua
047.043  000.031  000.031: require('cmp_luasnip')
047.063  000.075  000.045: sourcing /home/jyue86/.local/share/nvim/lazy/cmp_luasnip/after/plugin/cmp_luasnip.lua
047.214  000.020  000.020: require('cmp_buffer.timer')
047.217  000.056  000.036: require('cmp_buffer.buffer')
047.219  000.082  000.026: require('cmp_buffer.source')
047.221  000.103  000.020: require('cmp_buffer')
047.230  000.136  000.033: sourcing /home/jyue86/.local/share/nvim/lazy/cmp-buffer/after/plugin/cmp_buffer.lua
047.315  000.037  000.037: require('cmp_path')
047.327  000.070  000.032: sourcing /home/jyue86/.local/share/nvim/lazy/cmp-path/after/plugin/cmp_path.lua
047.426  000.025  000.025: require('cmp_nvim_lsp.source')
047.429  000.053  000.028: require('cmp_nvim_lsp')
047.437  000.082  000.029: sourcing /home/jyue86/.local/share/nvim/lazy/cmp-nvim-lsp/after/plugin/cmp_nvim_lsp.lua
047.478  044.021  007.744: require('plugins')
047.556  000.022  000.022: require('mason-core.path')
047.644  000.056  000.056: require('mason-core.functional')
047.694  000.018  000.018: require('mason-core.functional.data')
047.697  000.046  000.028: require('mason-core.functional.function')
047.727  000.020  000.020: require('mason-core.functional.relation')
047.752  000.021  000.021: require('mason-core.functional.logic')
047.761  000.204  000.060: require('mason-core.platform')
047.792  000.030  000.030: require('mason.settings')
047.794  000.280  000.025: require('mason')
048.154  000.045  000.045: require('mason-core.log')
048.157  000.362  000.317: require('mason-lspconfig')
048.255  000.051  000.051: require('mason-core.functional.list')
048.306  000.047  000.047: require('mason-core.functional.string')
048.326  000.161  000.063: require('mason.api.command')
048.379  000.050  000.050: require('mason-registry.sources')
048.419  000.033  000.033: require('mason-lspconfig.settings')
048.517  000.040  000.040: require('mason-lspconfig.lspconfig_hook')
048.672  000.153  000.153: require('lspconfig.util')
048.770  000.047  000.047: require('mason-core.functional.table')
048.805  000.131  000.084: require('mason-lspconfig.mappings.server')
048.899  000.044  000.044: require('mason-core.EventEmitter')
048.934  000.033  000.033: require('mason-core.optional')
049.024  000.055  000.055: require('mason-core.async')
049.049  000.023  000.023: require('mason-core.async.uv')
049.055  000.119  000.042: require('mason-core.fs')
049.068  000.262  000.065: require('mason-registry')
049.095  000.025  000.025: require('mason-lspconfig.server_config_extensions')
049.146  000.050  000.050: require('lspconfig.configs')
049.197  000.050  000.050: require('lspconfig.server_configurations.omnisharp')
049.301  000.025  000.025: require('mason-core.notify')
049.304  000.061  000.037: require('mason-lspconfig.ensure_installed')
049.339  000.032  000.032: require('mason-registry.sources.lua')
049.581  000.054  000.054: require('mason-core.result')
049.646  000.167  000.113: require('mason-core.purl')
049.657  000.262  000.095: require('mason-core.package')
049.818  000.085  000.085: require('mason-core.process')
049.894  000.074  000.074: require('mason-core.spawn')
049.898  000.202  000.042: require('mason-core.managers.powershell')
049.900  000.242  000.040: require('mason-core.fetch')
049.948  000.047  000.047: require('mason-core.providers')
050.093  000.051  000.051: require('mason-core.installer.registry.expr')
050.103  000.112  000.061: require('mason-core.installer.registry.link')
050.110  000.161  000.049: require('mason-core.installer.registry')
050.119  000.769  000.057: require('mason-registry.sources.github')
053.013  000.052  000.052: require('mason-registry.index')
053.471  000.090  000.090: require('mason-core.functional.number')
053.494  000.213  000.123: require('mason-lspconfig.api.command')
053.503  006.022  003.298: require('p-mason')
054.112  000.527  000.527: require('vim.diagnostic')
054.290  000.030  000.030: require('lspconfig')
054.319  000.026  000.026: require('lspconfig.server_configurations.svelte')
054.675  000.058  000.058: require('lspconfig.server_configurations.jsonls')
054.998  000.048  000.048: require('lspconfig.server_configurations.docker_compose_language_service')
055.283  000.034  000.034: require('lspconfig.server_configurations.clangd')
055.525  000.028  000.028: require('lspconfig.server_configurations.cmake')
055.823  000.044  000.044: require('lspconfig.server_configurations.html')
056.069  000.047  000.047: require('lspconfig.server_configurations.pyright')
056.248  000.050  000.050: require('lspconfig.server_configurations.dockerls')
056.419  000.028  000.028: require('lspconfig.server_configurations.rust_analyzer')
056.549  000.041  000.041: require('lspconfig.server_configurations.lua_ls')
056.756  000.024  000.024: require('typescript.config')
056.843  000.016  000.016: require('typescript.types.methods')
056.860  000.016  000.016: require('typescript.utils')
056.862  000.050  000.018: require('typescript.execute-command')
056.878  000.016  000.016: require('typescript.types.workspace-commands')
056.880  000.086  000.020: require('typescript.go-to-source-definition')
056.909  000.028  000.028: require('typescript.rename-file')
056.930  000.020  000.020: require('typescript.source-actions')
056.931  000.156  000.022: require('typescript.commands')
056.948  000.015  000.015: require('typescript.handlers')
056.972  000.022  000.022: require('lspconfig.server_configurations.tsserver')
056.980  000.222  000.029: require('typescript.lsp')
056.982  000.290  000.044: require('typescript')
057.211  000.033  000.033: require('lspconfig.server_configurations.tailwindcss')
057.397  000.036  000.036: require('lspconfig.server_configurations.yamlls')
057.488  003.984  002.664: require('p-lsp')
057.750  000.054  000.054: require('nvim-tree.notify')
057.754  000.078  000.024: require('nvim-tree.events')
057.822  000.019  000.019: require('nvim-tree.log')
057.869  000.019  000.019: require('nvim-tree.iterators.node-iterator')
057.891  000.068  000.049: require('nvim-tree.utils')
057.939  000.047  000.047: require('nvim-tree.git.utils')
057.966  000.026  000.026: require('nvim-tree.git.runner')
057.990  000.023  000.023: require('nvim-tree.watcher')
058.010  000.019  000.019: require('nvim-tree.explorer.node')
058.013  000.235  000.033: require('nvim-tree.git')
058.033  000.019  000.019: require('nvim-tree.explorer.watch')
058.070  000.018  000.018: require('nvim-tree.explorer.node-builders')
058.092  000.022  000.022: require('nvim-tree.explorer.sorters')
058.113  000.020  000.020: require('nvim-tree.explorer.filters')
058.180  000.043  000.043: require('nvim-tree.view')
058.182  000.068  000.025: require('nvim-tree.live-filter')
058.184  000.150  000.023: require('nvim-tree.explorer.explore')
058.208  000.024  000.024: require('nvim-tree.explorer.reload')
058.210  000.455  000.028: require('nvim-tree.explorer')
058.212  000.551  000.018: require('nvim-tree.core')
058.236  000.023  000.023: require('nvim-tree.diagnostics')
058.283  000.017  000.017: require('nvim-tree.modified')
058.285  000.048  000.031: require('nvim-tree.renderer.components.modified')
058.304  000.019  000.019: require('nvim-tree.renderer.components.padding')
058.324  000.019  000.019: require('nvim-tree.renderer.components.icons')
058.345  000.020  000.020: require('nvim-tree.renderer.components.full-name')
058.365  000.018  000.018: require('nvim-tree.renderer.help')
058.389  000.023  000.023: require('nvim-tree.renderer.components.git')
058.419  000.029  000.029: require('nvim-tree.renderer.builder')
058.442  000.022  000.022: require('nvim-tree.marks')
058.444  000.805  000.033: require('nvim-tree.renderer')
058.466  000.019  000.019: require('nvim-tree.actions.tree-modifiers.collapse-all')
058.483  000.016  000.016: require('nvim-tree.actions.root.dir-up')
058.504  000.020  000.020: require('nvim-tree.actions.root.change-dir')
058.538  000.022  000.022: require('nvim-tree.actions.reloaders.reloaders')
058.561  000.021  000.021: require('nvim-tree.actions.finders.find-file')
058.562  000.948  000.044: require('nvim-tree.lib')
058.593  000.030  000.030: require('nvim-tree.colors')
058.745  000.020  000.020: require('nvim-tree.actions.tree.open')
058.766  000.020  000.020: require('nvim-tree.actions.tree.toggle')
058.789  000.020  000.020: require('nvim-tree.actions.tree.find-file')
058.814  000.024  000.024: require('nvim-tree.actions.finders.search-node')
058.840  000.024  000.024: require('nvim-tree.actions.tree-modifiers.expand-all')
058.861  000.021  000.021: require('nvim-tree.actions.tree-modifiers.toggles')
058.888  000.023  000.023: require('nvim-tree.actions.fs.create-file')
058.915  000.026  000.026: require('nvim-tree.actions.fs.remove-file')
058.941  000.025  000.025: require('nvim-tree.actions.fs.trash')
058.966  000.024  000.024: require('nvim-tree.actions.fs.rename-file')
059.024  000.055  000.055: require('nvim-tree.actions.fs.copy-paste')
059.075  000.025  000.025: require('nvim-tree.actions.node.file-popup')
059.096  000.019  000.019: require('nvim-tree.actions.node.run-command')
059.118  000.021  000.021: require('nvim-tree.actions.node.system-open')
059.140  000.021  000.021: require('nvim-tree.actions.moves.sibling')
059.161  000.019  000.019: require('nvim-tree.actions.moves.parent')
059.183  000.019  000.019: require('nvim-tree.actions.moves.item')
059.226  000.039  000.039: require('nvim-tree.marks.bulk-move')
059.286  000.033  000.033: require('nvim-tree.actions.node.open-file')
059.288  000.061  000.028: require('nvim-tree.marks.navigation')
059.318  000.028  000.028: require('nvim-tree.keymap')
059.321  000.631  000.097: require('nvim-tree.api')
059.331  000.711  000.080: require('nvim-tree.keymap-legacy')
059.336  000.742  000.031: require('nvim-tree.commands')
059.360  000.024  000.024: require('nvim-tree.legacy')
059.383  001.853  000.111: require('nvim-tree')
059.672  000.031  000.031: require('nvim-tree.actions')
060.142  000.247  000.247: require('nvim-web-devicons')
061.247  003.757  001.625: require('p-tree')
062.576  000.293  000.293: require('nightfly')
063.372  001.255  000.961: sourcing /home/jyue86/.local/share/nvim/lazy/nightfly/colors/nightfly.vim
064.256  000.112  000.112: require('colorizer/nvim')
064.375  000.117  000.117: require('colorizer/trie')
064.464  000.410  000.181: require('colorizer')
065.345  004.095  002.431: require('color')
065.508  000.160  000.160: require('base')
065.713  000.083  000.083: require('lualine_require')
065.943  000.397  000.315: require('lualine')
068.041  000.050  000.050: require('lualine.utils.mode')
069.503  003.994  003.546: require('line')
070.595  000.160  000.160: require('plenary.tbl')
070.607  000.335  000.175: require('plenary.vararg.rotate')
070.608  000.436  000.101: require('plenary.vararg')
070.733  000.124  000.124: require('plenary.errors')
070.852  000.117  000.117: require('plenary.functional')
070.869  000.819  000.142: require('plenary.async.async')
071.023  000.152  000.152: require('plenary.async.structs')
071.039  001.174  000.204: require('plenary.async.control')
071.474  000.024  000.024: require('plenary.bit')
071.488  000.078  000.054: require('plenary.path')
071.493  000.105  000.027: require('plenary.strings')
071.515  000.022  000.022: require('telescope.deprecated')
071.650  000.079  000.079: require('plenary.log')
071.661  000.110  000.031: require('telescope.log')
071.746  000.041  000.041: require('plenary.job')
071.771  000.023  000.023: require('telescope.state')
071.775  000.113  000.050: require('telescope.utils')
071.779  000.263  000.039: require('telescope.sorters')
072.764  001.470  001.081: require('telescope.config')
072.842  000.031  000.031: require('plenary.window.border')
072.866  000.022  000.022: require('plenary.window')
072.884  000.017  000.017: require('plenary.popup.utils')
072.887  000.120  000.050: require('plenary.popup')
072.913  000.026  000.026: require('telescope.pickers.scroller')
072.957  000.026  000.026: require('telescope.actions.state')
072.983  000.025  000.025: require('telescope.actions.utils')
073.046  000.025  000.025: require('telescope.actions.mt')
073.055  000.071  000.046: require('telescope.actions.set')
073.104  000.026  000.026: require('telescope.config.resolve')
073.106  000.050  000.024: require('telescope.pickers.entry_display')
073.128  000.021  000.021: require('telescope.from_entry')
073.230  002.191  000.382: require('telescope.actions')
073.332  000.069  000.069: require('telescope.make_entry')
073.414  000.022  000.022: require('plenary.async.util')
073.416  000.040  000.018: require('plenary.async.tests')
073.417  000.061  000.021: require('plenary.async')
073.418  000.084  000.023: require('telescope.finders.async_static_finder')
073.483  000.017  000.017: require('plenary.class')
073.490  000.051  000.034: require('telescope._')
073.492  000.073  000.022: require('telescope.finders.async_oneshot_finder')
073.514  000.022  000.022: require('telescope.finders.async_job_finder')
073.518  000.286  000.038: require('telescope.finders')
073.644  000.034  000.034: require('telescope._extensions')
073.646  000.059  000.025: require('telescope')
073.672  000.024  000.024: require('telescope.debounce')
073.745  000.071  000.071: require('telescope.mappings')
073.777  000.030  000.030: require('telescope.pickers.highlights')
073.799  000.020  000.020: require('telescope.pickers.window')
073.845  000.023  000.023: require('telescope.algos.linked_list')
073.847  000.048  000.025: require('telescope.entry_manager')
073.869  000.020  000.020: require('telescope.pickers.multi')
073.876  000.357  000.085: require('telescope.pickers')
073.880  004.128  000.120: require('telescope.builtin.__lsp')
073.890  004.311  000.183: require('telescope.builtin')
074.017  000.069  000.069: require('telescope.pickers.layout_strategies')
074.026  000.105  000.036: require('telescope.actions.layout')
074.712  000.089  000.089: require('fzf_lib')
074.716  000.129  000.040: require('telescope._extensions.fzf')
074.720  005.214  000.668: require('p-telescope')
075.006  000.285  000.285: require('p-autopairs')
075.163  000.021  000.021: require('nvim-tmux-navigation.tmux_util')
075.184  000.070  000.049: require('nvim-tmux-navigation')
075.198  000.190  000.120: require('maps')
075.276  000.021  000.021: require('luasnip.loaders.util')
075.412  000.019  000.019: require('luasnip.nodes.util')
075.430  000.015  000.015: require('luasnip.util.events')
075.434  000.067  000.032: require('luasnip.nodes.node')
075.471  000.036  000.036: require('luasnip.nodes.insertNode')
075.497  000.024  000.024: require('luasnip.nodes.textNode')
075.519  000.022  000.022: require('luasnip.util.mark')
075.539  000.018  000.018: require('luasnip.util.pattern_tokenizer')
075.554  000.015  000.015: require('luasnip.util.dict')
075.568  000.252  000.070: require('luasnip.nodes.snippet')
075.656  000.025  000.025: require('luasnip.util.parser.neovim_ast')
075.682  000.024  000.024: require('luasnip.util.str')
075.837  000.026  000.026: require('luasnip.util.directed_graph')
075.841  000.249  000.174: require('luasnip.util.parser.ast_utils')
075.910  000.068  000.068: require('luasnip.nodes.functionNode')
075.967  000.055  000.055: require('luasnip.nodes.choiceNode')
076.010  000.042  000.042: require('luasnip.nodes.dynamicNode')
076.033  000.021  000.021: require('luasnip.util.functions')
076.036  000.467  000.032: require('luasnip.util.parser.ast_parser')
076.110  000.073  000.073: require('luasnip.util.parser.neovim_parser')
076.114  000.818  000.026: require('luasnip.util.parser')
076.117  000.840  000.022: require('luasnip.nodes.snippetProxy')
076.206  000.088  000.088: require('luasnip.util.jsonc')
076.211  000.984  000.036: require('luasnip/loaders/from_vscode')
077.186  001.987  001.003: require('p-cmp')
078.077  000.049  000.049: require('nvim-treesitter.indent')
078.186  000.033  000.033: require('nvim-treesitter.highlight')
078.219  001.030  000.948: require('p-treesitter')
078.341  000.121  000.121: require('p-comment')
078.488  000.042  000.042: require('null-ls.utils')
078.508  000.095  000.053: require('null-ls.config')
078.557  000.021  000.021: require('null-ls.helpers.cache')
078.612  000.053  000.053: require('null-ls.helpers.diagnostics')
078.639  000.026  000.026: require('null-ls.helpers.formatter_factory')
078.721  000.031  000.031: require('null-ls.logger')
078.755  000.032  000.032: require('null-ls.state')
078.756  000.116  000.053: require('null-ls.helpers.generator_factory')
078.814  000.027  000.027: require('null-ls.helpers.command_resolver')
078.816  000.058  000.031: require('null-ls.helpers.make_builtin')
078.842  000.025  000.025: require('null-ls.helpers.range_formatting_args_factory')
078.843  000.334  000.034: require('null-ls.helpers')
078.983  000.061  000.061: require('null-ls.methods')
078.988  000.100  000.039: require('null-ls.diagnostics')
078.993  000.149  000.049: require('null-ls.sources')
079.051  000.056  000.056: require('null-ls.builtins')
079.054  000.670  000.036: require('null-ls')
079.090  000.035  000.035: require('null-ls.builtins.formatting.stylua')
079.162  000.070  000.070: require('null-ls.builtins.diagnostics.eslint')
079.264  000.054  000.054: require('null-ls.builtins.formatting.prettierd')
079.305  000.033  000.033: require('null-ls.builtins.formatting.clang_format')
079.393  000.065  000.065: require('null-ls.builtins.formatting.cmake_format')
079.457  000.035  000.035: require('null-ls.builtins.formatting.isort')
079.739  000.049  000.049: require('null-ls.client')
079.759  001.406  000.396: require('p-null_ls')
079.867  000.022  000.022: require('bufferline.lazy')
079.896  000.025  000.025: require('bufferline.constants')
079.940  000.043  000.043: require('bufferline.commands')
079.963  000.176  000.086: require('bufferline')
080.009  000.045  000.045: require('bufferline.utils')
080.089  000.076  000.076: require('bufferline.config')
080.157  000.065  000.065: require('bufferline.groups')
080.196  000.027  000.027: require('bufferline.colors')
080.397  000.078  000.078: require('bufferline.highlights')
080.882  000.056  000.056: require('bufferline.hover')
081.034  000.120  000.120: require('bufferline.ui')
081.063  001.303  000.659: require('p-bufferline')
081.212  000.057  000.057: require('gitsigns.async')
081.394  000.081  000.081: require('gitsigns.message')
081.418  000.205  000.124: require('gitsigns.config')
081.461  000.041  000.041: require('gitsigns.debug.log')
081.502  000.040  000.040: require('gitsigns.uv')
081.507  000.407  000.064: require('gitsigns')
081.668  000.604  000.197: require('p-git')
081.829  000.159  000.159: require('p-toggleterm')
082.176  000.079  000.079: require('dap.utils')
082.198  000.309  000.231: require('dap')
082.431  000.054  000.054: require('dapui.async.tasks')
082.489  000.057  000.057: require('dapui.async.control')
082.630  000.139  000.139: require('dapui.async.uv')
082.674  000.042  000.042: require('dapui.async.tests')
082.740  000.034  000.034: require('vim.ui')
082.744  000.069  000.035: require('dapui.async.ui')
082.789  000.044  000.044: require('dapui.async.lsp')
082.797  000.476  000.070: require('dapui.async')
083.047  000.081  000.081: require('dapui.config.highlights')
083.117  000.265  000.184: require('dapui.config')
083.122  000.324  000.059: require('dapui.util')
083.184  000.061  000.061: require('dapui.windows.layout')
083.188  000.932  000.071: require('dapui.windows')
083.254  000.065  000.065: require('dapui.controls')
083.260  001.061  000.064: require('dapui')
083.431  000.070  000.070: require('dapui.logging')
083.527  000.094  000.094: require('dapui.client.types')
083.530  000.218  000.054: require('dapui.client')
083.592  000.061  000.061: require('dap.breakpoints')
083.639  000.038  000.038: require('dapui.client.lib')
083.738  000.057  000.057: require('dapui.render.canvas')
083.739  000.091  000.034: require('dapui.elements.breakpoints')
083.800  000.044  000.044: require('dapui.components.breakpoints')
083.873  000.043  000.043: require('dapui.elements.repl')
083.909  000.034  000.034: require('dapui.elements.scopes')
083.961  000.035  000.035: require('dapui.components.scopes')
084.008  000.045  000.045: require('dapui.components.variables')
084.058  000.034  000.034: require('dapui.elements.stacks')
084.136  000.035  000.035: require('dapui.components.frames')
084.138  000.070  000.035: require('dapui.components.threads')
084.198  000.037  000.037: require('dapui.elements.watches')
084.257  000.047  000.047: require('dapui.components.watches')
084.330  000.038  000.038: require('dapui.elements.hover')
084.383  000.041  000.041: require('dapui.components.hover')
084.428  000.039  000.039: require('dapui.elements.console')
084.603  000.076  000.076: require('nvim-dap-virtual-text')
084.690  000.052  000.052: require('mason-nvim-dap')
084.725  000.032  000.032: require('mason-nvim-dap.settings')
084.836  000.053  000.053: require('mason-nvim-dap.mappings.source')
084.838  000.106  000.053: require('mason-nvim-dap.ensure_installed')
084.996  000.074  000.074: require('mason-nvim-dap.api.command')
085.035  000.037  000.037: require('neodev')
085.074  000.037  000.037: require('neodev.config')
085.226  000.050  000.050: require('neodev.util')
085.230  000.097  000.047: require('neodev.lsp')
085.350  003.518  000.722: require('debugging')
085.391  000.040  000.040: require('jupyter')
085.393  081.952  000.062: sourcing /home/jyue86/.config/nvim/init.lua
085.398  000.414: sourcing vimrc file(s)
085.601  000.046  000.046: sourcing /home/jyue86/.local/bin/nvim-linux64/share/nvim/runtime/filetype.lua
085.635  000.014  000.014: sourcing /home/jyue86/.local/bin/nvim-linux64/share/nvim/runtime/filetype.vim
085.840  000.056  000.056: sourcing /home/jyue86/.local/bin/nvim-linux64/share/nvim/runtime/syntax/synload.vim
085.922  000.236  000.179: sourcing /home/jyue86/.local/bin/nvim-linux64/share/nvim/runtime/syntax/syntax.vim
085.932  000.238: inits 3
087.697  001.766: reading ShaDa
087.817  000.083  000.083: require('luasnip.loaders.from_lua')
087.926  000.075  000.075: require('luasnip.loaders.from_snipmate')
087.991  000.052  000.052: require('luasnip.loaders.from_vscode')
088.144  000.238: opening buffers
088.677  000.060  000.060: require('bufferline.state')
088.681  000.477: BufEnter autocommands
088.683  000.002: editing files in windows
088.913  000.131  000.131: require('dap.ui')
088.951  000.255  000.124: require('dap.repl')
089.033  000.057  000.057: require('mason-core.terminator')
109.797  000.067  000.067: require('mason-core.functional.type')
112.272  000.035  000.035: require('mason-core.receipt')
112.289  000.094  000.058: require('mason-core.installer.context')
112.323  000.032  000.032: require('mason-core.async.control')
112.353  000.029  000.029: require('mason-core.installer.linker')
112.356  000.205  000.050: require('mason-core.installer')
112.365  000.256  000.052: require('mason-core.managers.npm')
112.373  000.304  000.048: require('mason-registry.index.pyright')
112.445  000.032  000.032: require('mason-registry.index.svelte-language-server')
112.523  000.063  000.063: require('mason-registry.index.tailwindcss-language-server')
112.592  000.057  000.057: require('mason-registry.index.typescript-language-server')
112.655  000.057  000.057: require('mason-registry.index.yaml-language-server')
113.505  000.040  000.040: require('vim.fs')
